mode: set
github.com/dioxine/grpc-pb/cmd/grpc-pb/main.go:20.63,23.2 2 0
github.com/dioxine/grpc-pb/cmd/grpc-pb/main.go:25.13,31.16 3 0
github.com/dioxine/grpc-pb/cmd/grpc-pb/main.go:31.16,33.3 1 0
github.com/dioxine/grpc-pb/cmd/grpc-pb/main.go:35.2,38.16 4 0
github.com/dioxine/grpc-pb/cmd/grpc-pb/main.go:38.16,40.3 1 0
github.com/dioxine/grpc-pb/cmd/grpc-pb/main.go:41.2,41.47 1 0
github.com/dioxine/grpc-pb/cmd/grpc-pb/main.go:41.47,43.3 1 0
github.com/dioxine/grpc-pb/cmd/grpc-pb/main.go:45.2,56.16 4 0
github.com/dioxine/grpc-pb/cmd/grpc-pb/main.go:56.16,58.3 1 0
github.com/dioxine/grpc-pb/cmd/grpc-pb/main.go:62.2,69.22 4 0
github.com/dioxine/grpc-pb/internal/db/pocketbase.go:12.38,22.56 3 0
github.com/dioxine/grpc-pb/internal/db/pocketbase.go:22.56,25.3 2 0
github.com/dioxine/grpc-pb/internal/db/pocketbase.go:27.2,28.16 2 0
github.com/dioxine/grpc-pb/internal/db/pocketbase.go:28.16,30.3 1 0
github.com/dioxine/grpc-pb/internal/db/pocketbase.go:32.2,32.11 1 0
github.com/dioxine/grpc-pb/internal/db/pocketbase.go:35.41,39.35 3 0
github.com/dioxine/grpc-pb/internal/db/pocketbase.go:39.35,41.3 1 0
github.com/dioxine/grpc-pb/pkg/v1/handler/grpc/user_service.go:18.78,21.2 2 0
github.com/dioxine/grpc-pb/pkg/v1/handler/grpc/user_service.go:27.116,30.41 2 0
github.com/dioxine/grpc-pb/pkg/v1/handler/grpc/user_service.go:30.41,32.3 1 0
github.com/dioxine/grpc-pb/pkg/v1/handler/grpc/user_service.go:34.2,35.16 2 0
github.com/dioxine/grpc-pb/pkg/v1/handler/grpc/user_service.go:35.16,37.3 1 0
github.com/dioxine/grpc-pb/pkg/v1/handler/grpc/user_service.go:38.2,38.42 1 0
github.com/dioxine/grpc-pb/pkg/v1/handler/grpc/user_service.go:45.114,47.14 2 0
github.com/dioxine/grpc-pb/pkg/v1/handler/grpc/user_service.go:47.14,49.3 1 0
github.com/dioxine/grpc-pb/pkg/v1/handler/grpc/user_service.go:50.2,51.16 2 0
github.com/dioxine/grpc-pb/pkg/v1/handler/grpc/user_service.go:51.16,53.3 1 0
github.com/dioxine/grpc-pb/pkg/v1/handler/grpc/user_service.go:54.2,54.42 1 0
github.com/dioxine/grpc-pb/pkg/v1/handler/grpc/user_service.go:61.112,65.19 2 0
github.com/dioxine/grpc-pb/pkg/v1/handler/grpc/user_service.go:65.19,67.3 1 0
github.com/dioxine/grpc-pb/pkg/v1/handler/grpc/user_service.go:69.2,69.87 1 0
github.com/dioxine/grpc-pb/pkg/v1/handler/grpc/user_service.go:69.87,71.3 1 0
github.com/dioxine/grpc-pb/pkg/v1/handler/grpc/user_service.go:73.2,75.16 2 0
github.com/dioxine/grpc-pb/pkg/v1/handler/grpc/user_service.go:75.16,77.3 1 0
github.com/dioxine/grpc-pb/pkg/v1/handler/grpc/user_service.go:77.8,79.3 1 0
github.com/dioxine/grpc-pb/pkg/v1/handler/grpc/user_service.go:85.112,87.14 2 0
github.com/dioxine/grpc-pb/pkg/v1/handler/grpc/user_service.go:87.14,89.3 1 0
github.com/dioxine/grpc-pb/pkg/v1/handler/grpc/user_service.go:90.2,91.16 2 0
github.com/dioxine/grpc-pb/pkg/v1/handler/grpc/user_service.go:91.16,93.3 1 0
github.com/dioxine/grpc-pb/pkg/v1/handler/grpc/user_service.go:94.2,94.72 1 0
github.com/dioxine/grpc-pb/pkg/v1/handler/grpc/user_service.go:98.84,100.2 1 0
github.com/dioxine/grpc-pb/pkg/v1/handler/grpc/user_service.go:102.90,104.2 1 0
github.com/dioxine/grpc-pb/pkg/v1/handler/grpc/user_service.go:105.89,107.2 1 0
github.com/dioxine/grpc-pb/pkg/v1/handler/repository/dao.go:16.49,18.2 1 0
github.com/dioxine/grpc-pb/pkg/v1/handler/repository/dao.go:19.65,21.16 2 0
github.com/dioxine/grpc-pb/pkg/v1/handler/repository/dao.go:21.16,23.3 1 0
github.com/dioxine/grpc-pb/pkg/v1/handler/repository/dao.go:24.2,33.51 7 0
github.com/dioxine/grpc-pb/pkg/v1/handler/repository/dao.go:33.51,35.3 1 0
github.com/dioxine/grpc-pb/pkg/v1/handler/repository/dao.go:37.2,42.8 1 0
github.com/dioxine/grpc-pb/pkg/v1/handler/repository/dao.go:45.55,47.16 2 0
github.com/dioxine/grpc-pb/pkg/v1/handler/repository/dao.go:47.16,49.3 1 0
github.com/dioxine/grpc-pb/pkg/v1/handler/repository/dao.go:50.2,55.8 1 0
github.com/dioxine/grpc-pb/pkg/v1/handler/repository/dao.go:57.50,59.16 2 0
github.com/dioxine/grpc-pb/pkg/v1/handler/repository/dao.go:59.16,61.3 1 0
github.com/dioxine/grpc-pb/pkg/v1/handler/repository/dao.go:64.2,70.51 6 0
github.com/dioxine/grpc-pb/pkg/v1/handler/repository/dao.go:70.51,72.3 1 0
github.com/dioxine/grpc-pb/pkg/v1/handler/repository/dao.go:73.2,73.12 1 0
github.com/dioxine/grpc-pb/pkg/v1/handler/repository/dao.go:75.43,77.16 2 0
github.com/dioxine/grpc-pb/pkg/v1/handler/repository/dao.go:77.16,79.3 1 0
github.com/dioxine/grpc-pb/pkg/v1/handler/repository/dao.go:80.2,80.53 1 0
github.com/dioxine/grpc-pb/pkg/v1/handler/repository/dao.go:80.53,82.3 1 0
github.com/dioxine/grpc-pb/pkg/v1/handler/repository/dao.go:83.2,83.12 1 0
github.com/dioxine/grpc-pb/pkg/v1/handler/repository/dao.go:91.65,93.16 2 0
github.com/dioxine/grpc-pb/pkg/v1/handler/repository/dao.go:93.16,95.3 1 0
github.com/dioxine/grpc-pb/pkg/v1/handler/repository/dao.go:96.2,99.8 1 0
github.com/dioxine/grpc-pb/proto/user.pb.go:34.37,36.29 2 0
github.com/dioxine/grpc-pb/proto/user.pb.go:36.29,40.3 3 0
github.com/dioxine/grpc-pb/proto/user.pb.go:43.45,45.2 1 0
github.com/dioxine/grpc-pb/proto/user.pb.go:47.43,47.44 0 0
github.com/dioxine/grpc-pb/proto/user.pb.go:49.65,51.41 2 0
github.com/dioxine/grpc-pb/proto/user.pb.go:51.41,53.34 2 0
github.com/dioxine/grpc-pb/proto/user.pb.go:53.34,55.4 1 0
github.com/dioxine/grpc-pb/proto/user.pb.go:56.3,56.12 1 0
github.com/dioxine/grpc-pb/proto/user.pb.go:58.2,58.24 1 0
github.com/dioxine/grpc-pb/proto/user.pb.go:62.56,64.2 1 0
github.com/dioxine/grpc-pb/proto/user.pb.go:66.50,67.14 1 0
github.com/dioxine/grpc-pb/proto/user.pb.go:67.14,69.3 1 0
github.com/dioxine/grpc-pb/proto/user.pb.go:70.2,70.11 1 0
github.com/dioxine/grpc-pb/proto/user.pb.go:73.46,74.14 1 0
github.com/dioxine/grpc-pb/proto/user.pb.go:74.14,76.3 1 0
github.com/dioxine/grpc-pb/proto/user.pb.go:77.2,77.11 1 0
github.com/dioxine/grpc-pb/proto/user.pb.go:80.47,81.14 1 0
github.com/dioxine/grpc-pb/proto/user.pb.go:81.14,83.3 1 0
github.com/dioxine/grpc-pb/proto/user.pb.go:84.2,84.11 1 0
github.com/dioxine/grpc-pb/proto/user.pb.go:87.50,88.14 1 0
github.com/dioxine/grpc-pb/proto/user.pb.go:88.14,90.3 1 0
github.com/dioxine/grpc-pb/proto/user.pb.go:91.2,91.11 1 0
github.com/dioxine/grpc-pb/proto/user.pb.go:102.37,104.29 2 0
github.com/dioxine/grpc-pb/proto/user.pb.go:104.29,108.3 3 0
github.com/dioxine/grpc-pb/proto/user.pb.go:111.45,113.2 1 0
github.com/dioxine/grpc-pb/proto/user.pb.go:115.43,115.44 0 0
github.com/dioxine/grpc-pb/proto/user.pb.go:117.65,119.41 2 0
github.com/dioxine/grpc-pb/proto/user.pb.go:119.41,121.34 2 0
github.com/dioxine/grpc-pb/proto/user.pb.go:121.34,123.4 1 0
github.com/dioxine/grpc-pb/proto/user.pb.go:124.3,124.12 1 0
github.com/dioxine/grpc-pb/proto/user.pb.go:126.2,126.24 1 0
github.com/dioxine/grpc-pb/proto/user.pb.go:130.56,132.2 1 0
github.com/dioxine/grpc-pb/proto/user.pb.go:134.44,135.14 1 0
github.com/dioxine/grpc-pb/proto/user.pb.go:135.14,137.3 1 0
github.com/dioxine/grpc-pb/proto/user.pb.go:138.2,138.11 1 0
github.com/dioxine/grpc-pb/proto/user.pb.go:153.37,155.29 2 0
github.com/dioxine/grpc-pb/proto/user.pb.go:155.29,159.3 3 0
github.com/dioxine/grpc-pb/proto/user.pb.go:162.45,164.2 1 0
github.com/dioxine/grpc-pb/proto/user.pb.go:166.43,166.44 0 0
github.com/dioxine/grpc-pb/proto/user.pb.go:168.65,170.41 2 0
github.com/dioxine/grpc-pb/proto/user.pb.go:170.41,172.34 2 0
github.com/dioxine/grpc-pb/proto/user.pb.go:172.34,174.4 1 0
github.com/dioxine/grpc-pb/proto/user.pb.go:175.3,175.12 1 0
github.com/dioxine/grpc-pb/proto/user.pb.go:177.2,177.24 1 0
github.com/dioxine/grpc-pb/proto/user.pb.go:181.56,183.2 1 0
github.com/dioxine/grpc-pb/proto/user.pb.go:185.44,186.14 1 0
github.com/dioxine/grpc-pb/proto/user.pb.go:186.14,188.3 1 0
github.com/dioxine/grpc-pb/proto/user.pb.go:189.2,189.11 1 0
github.com/dioxine/grpc-pb/proto/user.pb.go:192.50,193.14 1 0
github.com/dioxine/grpc-pb/proto/user.pb.go:193.14,195.3 1 0
github.com/dioxine/grpc-pb/proto/user.pb.go:196.2,196.11 1 0
github.com/dioxine/grpc-pb/proto/user.pb.go:199.46,200.14 1 0
github.com/dioxine/grpc-pb/proto/user.pb.go:200.14,202.3 1 0
github.com/dioxine/grpc-pb/proto/user.pb.go:203.2,203.11 1 0
github.com/dioxine/grpc-pb/proto/user.pb.go:206.47,207.14 1 0
github.com/dioxine/grpc-pb/proto/user.pb.go:207.14,209.3 1 0
github.com/dioxine/grpc-pb/proto/user.pb.go:210.2,210.11 1 0
github.com/dioxine/grpc-pb/proto/user.pb.go:213.50,214.14 1 0
github.com/dioxine/grpc-pb/proto/user.pb.go:214.14,216.3 1 0
github.com/dioxine/grpc-pb/proto/user.pb.go:217.2,217.11 1 0
github.com/dioxine/grpc-pb/proto/user.pb.go:231.39,233.29 2 0
github.com/dioxine/grpc-pb/proto/user.pb.go:233.29,237.3 3 0
github.com/dioxine/grpc-pb/proto/user.pb.go:240.47,242.2 1 0
github.com/dioxine/grpc-pb/proto/user.pb.go:244.45,244.46 0 0
github.com/dioxine/grpc-pb/proto/user.pb.go:246.67,248.41 2 0
github.com/dioxine/grpc-pb/proto/user.pb.go:248.41,250.34 2 0
github.com/dioxine/grpc-pb/proto/user.pb.go:250.34,252.4 1 0
github.com/dioxine/grpc-pb/proto/user.pb.go:253.3,253.12 1 0
github.com/dioxine/grpc-pb/proto/user.pb.go:255.2,255.24 1 0
github.com/dioxine/grpc-pb/proto/user.pb.go:259.58,261.2 1 0
github.com/dioxine/grpc-pb/proto/user.pb.go:263.46,264.14 1 0
github.com/dioxine/grpc-pb/proto/user.pb.go:264.14,266.3 1 0
github.com/dioxine/grpc-pb/proto/user.pb.go:267.2,267.11 1 0
github.com/dioxine/grpc-pb/proto/user.pb.go:270.52,271.14 1 0
github.com/dioxine/grpc-pb/proto/user.pb.go:271.14,273.3 1 0
github.com/dioxine/grpc-pb/proto/user.pb.go:274.2,274.11 1 0
github.com/dioxine/grpc-pb/proto/user.pb.go:277.48,278.14 1 0
github.com/dioxine/grpc-pb/proto/user.pb.go:278.14,280.3 1 0
github.com/dioxine/grpc-pb/proto/user.pb.go:281.2,281.11 1 0
github.com/dioxine/grpc-pb/proto/user.pb.go:284.49,285.14 1 0
github.com/dioxine/grpc-pb/proto/user.pb.go:285.14,287.3 1 0
github.com/dioxine/grpc-pb/proto/user.pb.go:288.2,288.11 1 0
github.com/dioxine/grpc-pb/proto/user.pb.go:299.35,301.29 2 0
github.com/dioxine/grpc-pb/proto/user.pb.go:301.29,305.3 3 0
github.com/dioxine/grpc-pb/proto/user.pb.go:308.43,310.2 1 0
github.com/dioxine/grpc-pb/proto/user.pb.go:312.41,312.42 0 0
github.com/dioxine/grpc-pb/proto/user.pb.go:314.63,316.41 2 0
github.com/dioxine/grpc-pb/proto/user.pb.go:316.41,318.34 2 0
github.com/dioxine/grpc-pb/proto/user.pb.go:318.34,320.4 1 0
github.com/dioxine/grpc-pb/proto/user.pb.go:321.3,321.12 1 0
github.com/dioxine/grpc-pb/proto/user.pb.go:323.2,323.24 1 0
github.com/dioxine/grpc-pb/proto/user.pb.go:327.54,329.2 1 0
github.com/dioxine/grpc-pb/proto/user.pb.go:331.48,332.14 1 0
github.com/dioxine/grpc-pb/proto/user.pb.go:332.14,334.3 1 0
github.com/dioxine/grpc-pb/proto/user.pb.go:335.2,335.11 1 0
github.com/dioxine/grpc-pb/proto/user.pb.go:392.43,393.40 1 0
github.com/dioxine/grpc-pb/proto/user.pb.go:393.40,395.3 1 0
github.com/dioxine/grpc-pb/proto/user.pb.go:396.2,396.36 1 0
github.com/dioxine/grpc-pb/proto/user.pb.go:423.13,423.39 1 0
github.com/dioxine/grpc-pb/proto/user.pb.go:424.29,425.28 1 0
github.com/dioxine/grpc-pb/proto/user.pb.go:425.28,427.3 1 0
github.com/dioxine/grpc-pb/proto/user.pb.go:428.2,428.30 1 0
github.com/dioxine/grpc-pb/proto/user.pb.go:428.30,429.81 1 0
github.com/dioxine/grpc-pb/proto/user.pb.go:429.81,430.42 1 0
github.com/dioxine/grpc-pb/proto/user.pb.go:431.11,432.20 1 0
github.com/dioxine/grpc-pb/proto/user.pb.go:433.11,434.24 1 0
github.com/dioxine/grpc-pb/proto/user.pb.go:435.11,436.28 1 0
github.com/dioxine/grpc-pb/proto/user.pb.go:437.12,438.15 1 0
github.com/dioxine/grpc-pb/proto/user.pb.go:441.3,441.81 1 0
github.com/dioxine/grpc-pb/proto/user.pb.go:441.81,442.42 1 0
github.com/dioxine/grpc-pb/proto/user.pb.go:443.11,444.20 1 0
github.com/dioxine/grpc-pb/proto/user.pb.go:445.11,446.24 1 0
github.com/dioxine/grpc-pb/proto/user.pb.go:447.11,448.28 1 0
github.com/dioxine/grpc-pb/proto/user.pb.go:449.12,450.15 1 0
github.com/dioxine/grpc-pb/proto/user.pb.go:453.3,453.81 1 0
github.com/dioxine/grpc-pb/proto/user.pb.go:453.81,454.42 1 0
github.com/dioxine/grpc-pb/proto/user.pb.go:455.11,456.20 1 0
github.com/dioxine/grpc-pb/proto/user.pb.go:457.11,458.24 1 0
github.com/dioxine/grpc-pb/proto/user.pb.go:459.11,460.28 1 0
github.com/dioxine/grpc-pb/proto/user.pb.go:461.12,462.15 1 0
github.com/dioxine/grpc-pb/proto/user.pb.go:465.3,465.81 1 0
github.com/dioxine/grpc-pb/proto/user.pb.go:465.81,466.44 1 0
github.com/dioxine/grpc-pb/proto/user.pb.go:467.11,468.20 1 0
github.com/dioxine/grpc-pb/proto/user.pb.go:469.11,470.24 1 0
github.com/dioxine/grpc-pb/proto/user.pb.go:471.11,472.28 1 0
github.com/dioxine/grpc-pb/proto/user.pb.go:473.12,474.15 1 0
github.com/dioxine/grpc-pb/proto/user.pb.go:477.3,477.81 1 0
github.com/dioxine/grpc-pb/proto/user.pb.go:477.81,478.40 1 0
github.com/dioxine/grpc-pb/proto/user.pb.go:479.11,480.20 1 0
github.com/dioxine/grpc-pb/proto/user.pb.go:481.11,482.24 1 0
github.com/dioxine/grpc-pb/proto/user.pb.go:483.11,484.28 1 0
github.com/dioxine/grpc-pb/proto/user.pb.go:485.12,486.15 1 0
github.com/dioxine/grpc-pb/proto/user.pb.go:490.2,507.31 6 0
github.com/dioxine/grpc-pb/proto/user_grpc.pb.go:35.74,37.2 1 0
github.com/dioxine/grpc-pb/proto/user_grpc.pb.go:39.135,42.16 3 0
github.com/dioxine/grpc-pb/proto/user_grpc.pb.go:42.16,44.3 1 0
github.com/dioxine/grpc-pb/proto/user_grpc.pb.go:45.2,45.17 1 0
github.com/dioxine/grpc-pb/proto/user_grpc.pb.go:48.133,51.16 3 0
github.com/dioxine/grpc-pb/proto/user_grpc.pb.go:51.16,53.3 1 0
github.com/dioxine/grpc-pb/proto/user_grpc.pb.go:54.2,54.17 1 0
github.com/dioxine/grpc-pb/proto/user_grpc.pb.go:57.131,60.16 3 0
github.com/dioxine/grpc-pb/proto/user_grpc.pb.go:60.16,62.3 1 0
github.com/dioxine/grpc-pb/proto/user_grpc.pb.go:63.2,63.17 1 0
github.com/dioxine/grpc-pb/proto/user_grpc.pb.go:66.131,69.16 3 0
github.com/dioxine/grpc-pb/proto/user_grpc.pb.go:69.16,71.3 1 0
github.com/dioxine/grpc-pb/proto/user_grpc.pb.go:72.2,72.17 1 0
github.com/dioxine/grpc-pb/proto/user_grpc.pb.go:90.113,92.2 1 0
github.com/dioxine/grpc-pb/proto/user_grpc.pb.go:93.111,95.2 1 0
github.com/dioxine/grpc-pb/proto/user_grpc.pb.go:96.109,98.2 1 0
github.com/dioxine/grpc-pb/proto/user_grpc.pb.go:99.109,101.2 1 0
github.com/dioxine/grpc-pb/proto/user_grpc.pb.go:102.82,102.83 0 0
github.com/dioxine/grpc-pb/proto/user_grpc.pb.go:111.80,113.2 1 0
github.com/dioxine/grpc-pb/proto/user_grpc.pb.go:115.163,117.32 2 0
github.com/dioxine/grpc-pb/proto/user_grpc.pb.go:117.32,119.3 1 0
github.com/dioxine/grpc-pb/proto/user_grpc.pb.go:120.2,120.24 1 0
github.com/dioxine/grpc-pb/proto/user_grpc.pb.go:120.24,122.3 1 0
github.com/dioxine/grpc-pb/proto/user_grpc.pb.go:123.2,127.77 2 0
github.com/dioxine/grpc-pb/proto/user_grpc.pb.go:127.77,129.3 1 0
github.com/dioxine/grpc-pb/proto/user_grpc.pb.go:130.2,130.44 1 0
github.com/dioxine/grpc-pb/proto/user_grpc.pb.go:133.161,135.32 2 0
github.com/dioxine/grpc-pb/proto/user_grpc.pb.go:135.32,137.3 1 0
github.com/dioxine/grpc-pb/proto/user_grpc.pb.go:138.2,138.24 1 0
github.com/dioxine/grpc-pb/proto/user_grpc.pb.go:138.24,140.3 1 0
github.com/dioxine/grpc-pb/proto/user_grpc.pb.go:141.2,145.77 2 0
github.com/dioxine/grpc-pb/proto/user_grpc.pb.go:145.77,147.3 1 0
github.com/dioxine/grpc-pb/proto/user_grpc.pb.go:148.2,148.44 1 0
github.com/dioxine/grpc-pb/proto/user_grpc.pb.go:151.163,153.32 2 0
github.com/dioxine/grpc-pb/proto/user_grpc.pb.go:153.32,155.3 1 0
github.com/dioxine/grpc-pb/proto/user_grpc.pb.go:156.2,156.24 1 0
github.com/dioxine/grpc-pb/proto/user_grpc.pb.go:156.24,158.3 1 0
github.com/dioxine/grpc-pb/proto/user_grpc.pb.go:159.2,163.77 2 0
github.com/dioxine/grpc-pb/proto/user_grpc.pb.go:163.77,165.3 1 0
github.com/dioxine/grpc-pb/proto/user_grpc.pb.go:166.2,166.44 1 0
github.com/dioxine/grpc-pb/proto/user_grpc.pb.go:169.163,171.32 2 0
github.com/dioxine/grpc-pb/proto/user_grpc.pb.go:171.32,173.3 1 0
github.com/dioxine/grpc-pb/proto/user_grpc.pb.go:174.2,174.24 1 0
github.com/dioxine/grpc-pb/proto/user_grpc.pb.go:174.24,176.3 1 0
github.com/dioxine/grpc-pb/proto/user_grpc.pb.go:177.2,181.77 2 0
github.com/dioxine/grpc-pb/proto/user_grpc.pb.go:181.77,183.3 1 0
github.com/dioxine/grpc-pb/proto/user_grpc.pb.go:184.2,184.44 1 0
github.com/dioxine/grpc-pb/pkg/v1/handler/usecase/usecase.go:15.69,17.2 1 0
github.com/dioxine/grpc-pb/pkg/v1/handler/usecase/usecase.go:19.66,21.58 1 0
github.com/dioxine/grpc-pb/pkg/v1/handler/usecase/usecase.go:21.58,24.3 2 0
github.com/dioxine/grpc-pb/pkg/v1/handler/usecase/usecase.go:27.2,28.16 2 0
github.com/dioxine/grpc-pb/pkg/v1/handler/usecase/usecase.go:28.16,31.3 2 0
github.com/dioxine/grpc-pb/pkg/v1/handler/usecase/usecase.go:31.8,33.3 1 0
github.com/dioxine/grpc-pb/pkg/v1/handler/usecase/usecase.go:34.2,34.18 1 0
github.com/dioxine/grpc-pb/pkg/v1/handler/usecase/usecase.go:37.56,40.16 2 0
github.com/dioxine/grpc-pb/pkg/v1/handler/usecase/usecase.go:40.16,43.3 2 0
github.com/dioxine/grpc-pb/pkg/v1/handler/usecase/usecase.go:43.8,45.3 1 0
github.com/dioxine/grpc-pb/pkg/v1/handler/usecase/usecase.go:46.2,46.18 1 0
github.com/dioxine/grpc-pb/pkg/v1/handler/usecase/usecase.go:49.57,52.16 2 0
github.com/dioxine/grpc-pb/pkg/v1/handler/usecase/usecase.go:52.16,54.3 1 0
github.com/dioxine/grpc-pb/pkg/v1/handler/usecase/usecase.go:56.2,56.36 1 0
github.com/dioxine/grpc-pb/pkg/v1/handler/usecase/usecase.go:56.36,58.3 1 0
github.com/dioxine/grpc-pb/pkg/v1/handler/usecase/usecase.go:60.2,60.51 1 0
github.com/dioxine/grpc-pb/pkg/v1/handler/usecase/usecase.go:60.51,63.3 2 0
github.com/dioxine/grpc-pb/pkg/v1/handler/usecase/usecase.go:63.8,65.3 1 0
github.com/dioxine/grpc-pb/pkg/v1/handler/usecase/usecase.go:67.2,67.12 1 0
github.com/dioxine/grpc-pb/pkg/v1/handler/usecase/usecase.go:70.44,72.46 1 0
github.com/dioxine/grpc-pb/pkg/v1/handler/usecase/usecase.go:72.46,74.3 1 0
github.com/dioxine/grpc-pb/pkg/v1/handler/usecase/usecase.go:74.8,76.3 1 0
github.com/dioxine/grpc-pb/pkg/v1/handler/usecase/usecase.go:78.2,78.43 1 0
github.com/dioxine/grpc-pb/pkg/v1/handler/usecase/usecase.go:78.43,80.3 1 0
github.com/dioxine/grpc-pb/pkg/v1/handler/usecase/usecase.go:81.2,81.12 1 0
github.com/dioxine/grpc-pb/proto/user.pb.go:34.37,36.29 2 0
github.com/dioxine/grpc-pb/proto/user.pb.go:36.29,40.3 3 0
github.com/dioxine/grpc-pb/proto/user.pb.go:43.45,45.2 1 0
github.com/dioxine/grpc-pb/proto/user.pb.go:47.43,47.44 0 0
github.com/dioxine/grpc-pb/proto/user.pb.go:49.65,51.41 2 1
github.com/dioxine/grpc-pb/proto/user.pb.go:51.41,53.34 2 1
github.com/dioxine/grpc-pb/proto/user.pb.go:53.34,55.4 1 1
github.com/dioxine/grpc-pb/proto/user.pb.go:56.3,56.12 1 1
github.com/dioxine/grpc-pb/proto/user.pb.go:58.2,58.24 1 0
github.com/dioxine/grpc-pb/proto/user.pb.go:62.56,64.2 1 0
github.com/dioxine/grpc-pb/proto/user.pb.go:66.50,67.14 1 0
github.com/dioxine/grpc-pb/proto/user.pb.go:67.14,69.3 1 0
github.com/dioxine/grpc-pb/proto/user.pb.go:70.2,70.11 1 0
github.com/dioxine/grpc-pb/proto/user.pb.go:73.46,74.14 1 0
github.com/dioxine/grpc-pb/proto/user.pb.go:74.14,76.3 1 0
github.com/dioxine/grpc-pb/proto/user.pb.go:77.2,77.11 1 0
github.com/dioxine/grpc-pb/proto/user.pb.go:80.47,81.14 1 0
github.com/dioxine/grpc-pb/proto/user.pb.go:81.14,83.3 1 0
github.com/dioxine/grpc-pb/proto/user.pb.go:84.2,84.11 1 0
github.com/dioxine/grpc-pb/proto/user.pb.go:87.50,88.14 1 0
github.com/dioxine/grpc-pb/proto/user.pb.go:88.14,90.3 1 0
github.com/dioxine/grpc-pb/proto/user.pb.go:91.2,91.11 1 0
github.com/dioxine/grpc-pb/proto/user.pb.go:102.37,104.29 2 0
github.com/dioxine/grpc-pb/proto/user.pb.go:104.29,108.3 3 0
github.com/dioxine/grpc-pb/proto/user.pb.go:111.45,113.2 1 0
github.com/dioxine/grpc-pb/proto/user.pb.go:115.43,115.44 0 0
github.com/dioxine/grpc-pb/proto/user.pb.go:117.65,119.41 2 1
github.com/dioxine/grpc-pb/proto/user.pb.go:119.41,121.34 2 1
github.com/dioxine/grpc-pb/proto/user.pb.go:121.34,123.4 1 1
github.com/dioxine/grpc-pb/proto/user.pb.go:124.3,124.12 1 1
github.com/dioxine/grpc-pb/proto/user.pb.go:126.2,126.24 1 0
github.com/dioxine/grpc-pb/proto/user.pb.go:130.56,132.2 1 0
github.com/dioxine/grpc-pb/proto/user.pb.go:134.44,135.14 1 0
github.com/dioxine/grpc-pb/proto/user.pb.go:135.14,137.3 1 0
github.com/dioxine/grpc-pb/proto/user.pb.go:138.2,138.11 1 0
github.com/dioxine/grpc-pb/proto/user.pb.go:153.37,155.29 2 0
github.com/dioxine/grpc-pb/proto/user.pb.go:155.29,159.3 3 0
github.com/dioxine/grpc-pb/proto/user.pb.go:162.45,164.2 1 0
github.com/dioxine/grpc-pb/proto/user.pb.go:166.43,166.44 0 0
github.com/dioxine/grpc-pb/proto/user.pb.go:168.65,170.41 2 1
github.com/dioxine/grpc-pb/proto/user.pb.go:170.41,172.34 2 1
github.com/dioxine/grpc-pb/proto/user.pb.go:172.34,174.4 1 1
github.com/dioxine/grpc-pb/proto/user.pb.go:175.3,175.12 1 1
github.com/dioxine/grpc-pb/proto/user.pb.go:177.2,177.24 1 0
github.com/dioxine/grpc-pb/proto/user.pb.go:181.56,183.2 1 0
github.com/dioxine/grpc-pb/proto/user.pb.go:185.44,186.14 1 0
github.com/dioxine/grpc-pb/proto/user.pb.go:186.14,188.3 1 0
github.com/dioxine/grpc-pb/proto/user.pb.go:189.2,189.11 1 0
github.com/dioxine/grpc-pb/proto/user.pb.go:192.50,193.14 1 0
github.com/dioxine/grpc-pb/proto/user.pb.go:193.14,195.3 1 0
github.com/dioxine/grpc-pb/proto/user.pb.go:196.2,196.11 1 0
github.com/dioxine/grpc-pb/proto/user.pb.go:199.46,200.14 1 0
github.com/dioxine/grpc-pb/proto/user.pb.go:200.14,202.3 1 0
github.com/dioxine/grpc-pb/proto/user.pb.go:203.2,203.11 1 0
github.com/dioxine/grpc-pb/proto/user.pb.go:206.47,207.14 1 0
github.com/dioxine/grpc-pb/proto/user.pb.go:207.14,209.3 1 0
github.com/dioxine/grpc-pb/proto/user.pb.go:210.2,210.11 1 0
github.com/dioxine/grpc-pb/proto/user.pb.go:213.50,214.14 1 0
github.com/dioxine/grpc-pb/proto/user.pb.go:214.14,216.3 1 0
github.com/dioxine/grpc-pb/proto/user.pb.go:217.2,217.11 1 0
github.com/dioxine/grpc-pb/proto/user.pb.go:231.39,233.29 2 1
github.com/dioxine/grpc-pb/proto/user.pb.go:233.29,237.3 3 1
github.com/dioxine/grpc-pb/proto/user.pb.go:240.47,242.2 1 1
github.com/dioxine/grpc-pb/proto/user.pb.go:244.45,244.46 0 0
github.com/dioxine/grpc-pb/proto/user.pb.go:246.67,248.41 2 1
github.com/dioxine/grpc-pb/proto/user.pb.go:248.41,250.34 2 1
github.com/dioxine/grpc-pb/proto/user.pb.go:250.34,252.4 1 1
github.com/dioxine/grpc-pb/proto/user.pb.go:253.3,253.12 1 1
github.com/dioxine/grpc-pb/proto/user.pb.go:255.2,255.24 1 0
github.com/dioxine/grpc-pb/proto/user.pb.go:259.58,261.2 1 0
github.com/dioxine/grpc-pb/proto/user.pb.go:263.46,264.14 1 1
github.com/dioxine/grpc-pb/proto/user.pb.go:264.14,266.3 1 1
github.com/dioxine/grpc-pb/proto/user.pb.go:267.2,267.11 1 0
github.com/dioxine/grpc-pb/proto/user.pb.go:270.52,271.14 1 0
github.com/dioxine/grpc-pb/proto/user.pb.go:271.14,273.3 1 0
github.com/dioxine/grpc-pb/proto/user.pb.go:274.2,274.11 1 0
github.com/dioxine/grpc-pb/proto/user.pb.go:277.48,278.14 1 0
github.com/dioxine/grpc-pb/proto/user.pb.go:278.14,280.3 1 0
github.com/dioxine/grpc-pb/proto/user.pb.go:281.2,281.11 1 0
github.com/dioxine/grpc-pb/proto/user.pb.go:284.49,285.14 1 0
github.com/dioxine/grpc-pb/proto/user.pb.go:285.14,287.3 1 0
github.com/dioxine/grpc-pb/proto/user.pb.go:288.2,288.11 1 0
github.com/dioxine/grpc-pb/proto/user.pb.go:299.35,301.29 2 1
github.com/dioxine/grpc-pb/proto/user.pb.go:301.29,305.3 3 1
github.com/dioxine/grpc-pb/proto/user.pb.go:308.43,310.2 1 1
github.com/dioxine/grpc-pb/proto/user.pb.go:312.41,312.42 0 0
github.com/dioxine/grpc-pb/proto/user.pb.go:314.63,316.41 2 1
github.com/dioxine/grpc-pb/proto/user.pb.go:316.41,318.34 2 1
github.com/dioxine/grpc-pb/proto/user.pb.go:318.34,320.4 1 1
github.com/dioxine/grpc-pb/proto/user.pb.go:321.3,321.12 1 1
github.com/dioxine/grpc-pb/proto/user.pb.go:323.2,323.24 1 0
github.com/dioxine/grpc-pb/proto/user.pb.go:327.54,329.2 1 0
github.com/dioxine/grpc-pb/proto/user.pb.go:331.48,332.14 1 0
github.com/dioxine/grpc-pb/proto/user.pb.go:332.14,334.3 1 0
github.com/dioxine/grpc-pb/proto/user.pb.go:335.2,335.11 1 0
github.com/dioxine/grpc-pb/proto/user.pb.go:392.43,393.40 1 0
github.com/dioxine/grpc-pb/proto/user.pb.go:393.40,395.3 1 0
github.com/dioxine/grpc-pb/proto/user.pb.go:396.2,396.36 1 0
github.com/dioxine/grpc-pb/proto/user.pb.go:423.13,423.39 1 1
github.com/dioxine/grpc-pb/proto/user.pb.go:424.29,425.28 1 1
github.com/dioxine/grpc-pb/proto/user.pb.go:425.28,427.3 1 0
github.com/dioxine/grpc-pb/proto/user.pb.go:428.2,428.30 1 1
github.com/dioxine/grpc-pb/proto/user.pb.go:428.30,429.81 1 0
github.com/dioxine/grpc-pb/proto/user.pb.go:429.81,430.42 1 0
github.com/dioxine/grpc-pb/proto/user.pb.go:431.11,432.20 1 0
github.com/dioxine/grpc-pb/proto/user.pb.go:433.11,434.24 1 0
github.com/dioxine/grpc-pb/proto/user.pb.go:435.11,436.28 1 0
github.com/dioxine/grpc-pb/proto/user.pb.go:437.12,438.15 1 0
github.com/dioxine/grpc-pb/proto/user.pb.go:441.3,441.81 1 0
github.com/dioxine/grpc-pb/proto/user.pb.go:441.81,442.42 1 0
github.com/dioxine/grpc-pb/proto/user.pb.go:443.11,444.20 1 0
github.com/dioxine/grpc-pb/proto/user.pb.go:445.11,446.24 1 0
github.com/dioxine/grpc-pb/proto/user.pb.go:447.11,448.28 1 0
github.com/dioxine/grpc-pb/proto/user.pb.go:449.12,450.15 1 0
github.com/dioxine/grpc-pb/proto/user.pb.go:453.3,453.81 1 0
github.com/dioxine/grpc-pb/proto/user.pb.go:453.81,454.42 1 0
github.com/dioxine/grpc-pb/proto/user.pb.go:455.11,456.20 1 0
github.com/dioxine/grpc-pb/proto/user.pb.go:457.11,458.24 1 0
github.com/dioxine/grpc-pb/proto/user.pb.go:459.11,460.28 1 0
github.com/dioxine/grpc-pb/proto/user.pb.go:461.12,462.15 1 0
github.com/dioxine/grpc-pb/proto/user.pb.go:465.3,465.81 1 0
github.com/dioxine/grpc-pb/proto/user.pb.go:465.81,466.44 1 0
github.com/dioxine/grpc-pb/proto/user.pb.go:467.11,468.20 1 0
github.com/dioxine/grpc-pb/proto/user.pb.go:469.11,470.24 1 0
github.com/dioxine/grpc-pb/proto/user.pb.go:471.11,472.28 1 0
github.com/dioxine/grpc-pb/proto/user.pb.go:473.12,474.15 1 0
github.com/dioxine/grpc-pb/proto/user.pb.go:477.3,477.81 1 0
github.com/dioxine/grpc-pb/proto/user.pb.go:477.81,478.40 1 0
github.com/dioxine/grpc-pb/proto/user.pb.go:479.11,480.20 1 0
github.com/dioxine/grpc-pb/proto/user.pb.go:481.11,482.24 1 0
github.com/dioxine/grpc-pb/proto/user.pb.go:483.11,484.28 1 0
github.com/dioxine/grpc-pb/proto/user.pb.go:485.12,486.15 1 0
github.com/dioxine/grpc-pb/proto/user.pb.go:490.2,507.31 6 1
github.com/dioxine/grpc-pb/proto/user_grpc.pb.go:35.74,37.2 1 1
github.com/dioxine/grpc-pb/proto/user_grpc.pb.go:39.135,42.16 3 1
github.com/dioxine/grpc-pb/proto/user_grpc.pb.go:42.16,44.3 1 0
github.com/dioxine/grpc-pb/proto/user_grpc.pb.go:45.2,45.17 1 1
github.com/dioxine/grpc-pb/proto/user_grpc.pb.go:48.133,51.16 3 1
github.com/dioxine/grpc-pb/proto/user_grpc.pb.go:51.16,53.3 1 0
github.com/dioxine/grpc-pb/proto/user_grpc.pb.go:54.2,54.17 1 1
github.com/dioxine/grpc-pb/proto/user_grpc.pb.go:57.131,60.16 3 1
github.com/dioxine/grpc-pb/proto/user_grpc.pb.go:60.16,62.3 1 0
github.com/dioxine/grpc-pb/proto/user_grpc.pb.go:63.2,63.17 1 1
github.com/dioxine/grpc-pb/proto/user_grpc.pb.go:66.131,69.16 3 1
github.com/dioxine/grpc-pb/proto/user_grpc.pb.go:69.16,71.3 1 0
github.com/dioxine/grpc-pb/proto/user_grpc.pb.go:72.2,72.17 1 1
github.com/dioxine/grpc-pb/proto/user_grpc.pb.go:90.113,92.2 1 0
github.com/dioxine/grpc-pb/proto/user_grpc.pb.go:93.111,95.2 1 0
github.com/dioxine/grpc-pb/proto/user_grpc.pb.go:96.109,98.2 1 0
github.com/dioxine/grpc-pb/proto/user_grpc.pb.go:99.109,101.2 1 0
github.com/dioxine/grpc-pb/proto/user_grpc.pb.go:102.82,102.83 0 0
github.com/dioxine/grpc-pb/proto/user_grpc.pb.go:111.80,113.2 1 0
github.com/dioxine/grpc-pb/proto/user_grpc.pb.go:115.163,117.32 2 0
github.com/dioxine/grpc-pb/proto/user_grpc.pb.go:117.32,119.3 1 0
github.com/dioxine/grpc-pb/proto/user_grpc.pb.go:120.2,120.24 1 0
github.com/dioxine/grpc-pb/proto/user_grpc.pb.go:120.24,122.3 1 0
github.com/dioxine/grpc-pb/proto/user_grpc.pb.go:123.2,127.77 2 0
github.com/dioxine/grpc-pb/proto/user_grpc.pb.go:127.77,129.3 1 0
github.com/dioxine/grpc-pb/proto/user_grpc.pb.go:130.2,130.44 1 0
github.com/dioxine/grpc-pb/proto/user_grpc.pb.go:133.161,135.32 2 0
github.com/dioxine/grpc-pb/proto/user_grpc.pb.go:135.32,137.3 1 0
github.com/dioxine/grpc-pb/proto/user_grpc.pb.go:138.2,138.24 1 0
github.com/dioxine/grpc-pb/proto/user_grpc.pb.go:138.24,140.3 1 0
github.com/dioxine/grpc-pb/proto/user_grpc.pb.go:141.2,145.77 2 0
github.com/dioxine/grpc-pb/proto/user_grpc.pb.go:145.77,147.3 1 0
github.com/dioxine/grpc-pb/proto/user_grpc.pb.go:148.2,148.44 1 0
github.com/dioxine/grpc-pb/proto/user_grpc.pb.go:151.163,153.32 2 0
github.com/dioxine/grpc-pb/proto/user_grpc.pb.go:153.32,155.3 1 0
github.com/dioxine/grpc-pb/proto/user_grpc.pb.go:156.2,156.24 1 0
github.com/dioxine/grpc-pb/proto/user_grpc.pb.go:156.24,158.3 1 0
github.com/dioxine/grpc-pb/proto/user_grpc.pb.go:159.2,163.77 2 0
github.com/dioxine/grpc-pb/proto/user_grpc.pb.go:163.77,165.3 1 0
github.com/dioxine/grpc-pb/proto/user_grpc.pb.go:166.2,166.44 1 0
github.com/dioxine/grpc-pb/proto/user_grpc.pb.go:169.163,171.32 2 0
github.com/dioxine/grpc-pb/proto/user_grpc.pb.go:171.32,173.3 1 0
github.com/dioxine/grpc-pb/proto/user_grpc.pb.go:174.2,174.24 1 0
github.com/dioxine/grpc-pb/proto/user_grpc.pb.go:174.24,176.3 1 0
github.com/dioxine/grpc-pb/proto/user_grpc.pb.go:177.2,181.77 2 0
github.com/dioxine/grpc-pb/proto/user_grpc.pb.go:181.77,183.3 1 0
github.com/dioxine/grpc-pb/proto/user_grpc.pb.go:184.2,184.44 1 0
